<?xml version="1.0" encoding="UTF-8"?>
<!-- Generated by org.testng.reporters.JUnitXMLReporter -->
<testsuite hostname="LAPTOP-8ONRQ0OO" ignored="4" name="Free CRM Application Test Cases" tests="13" failures="0" timestamp="2022-05-06T00:11:36 IST" time="41.929" errors="0">
  <testcase name="@BeforeMethod setUp" time="9.031" classname="com.crm.qa.TestCases.LoginPageTest">
    <failure type="org.openqa.selenium.SessionNotCreatedException" message="session not created: This version of ChromeDriver only supports Chrome version 102
Current browser version is 101.0.4951.54 with binary path C:\Program Files (x86)\Google\Chrome\Application\chrome.exe
Build info: version: &amp;apos;3.14.0&amp;apos;, revision: &amp;apos;aacccce0&amp;apos;, time: &amp;apos;2018-08-02T20:19:58.91Z&amp;apos;
System info: host: &amp;apos;LAPTOP-8ONRQ0OO&amp;apos;, ip: &amp;apos;192.168.1.7&amp;apos;, os.name: &amp;apos;Windows 10&amp;apos;, os.arch: &amp;apos;amd64&amp;apos;, os.version: &amp;apos;10.0&amp;apos;, java.version: &amp;apos;1.8.0_111&amp;apos;
Driver info: driver.version: ChromeDriver
remote stacktrace: Backtrace:
	Ordinal0 [0x01092733+2434867]
	Ordinal0 [0x010207A1+1968033]
	Ordinal0 [0x00F0C678+837240]
	Ordinal0 [0x00F2CAC3+969411]
	Ordinal0 [0x00F286DA+952026]
	Ordinal0 [0x00F25F91+941969]
	Ordinal0 [0x00F590B0+1151152]
	Ordinal0 [0x00F58D0A+1150218]
	Ordinal0 [0x00F54256+1131094]
	Ordinal0 [0x00F2E840+976960]
	Ordinal0 [0x00F2F736+980790]
	GetHandleVerifier [0x01303C72+2515426]
	GetHandleVerifier [0x012F702F+2463135]
	GetHandleVerifier [0x0113522A+620442]
	GetHandleVerifier [0x01134016+615814]
	Ordinal0 [0x0102707B+1994875]
	Ordinal0 [0x0102B938+2013496]
	Ordinal0 [0x0102BA25+2013733]
	Ordinal0 [0x01034DE1+2051553]
	BaseThreadInitThunk [0x7770FA29+25]
	RtlGetAppContainerNamedObjectPath [0x77857A7E+286]
	RtlGetAppContainerNamedObjectPath [0x77857A4E+238]
">
      <![CDATA[org.openqa.selenium.SessionNotCreatedException: session not created: This version of ChromeDriver only supports Chrome version 102
Current browser version is 101.0.4951.54 with binary path C:\Program Files (x86)\Google\Chrome\Application\chrome.exe
Build info: version: '3.14.0', revision: 'aacccce0', time: '2018-08-02T20:19:58.91Z'
System info: host: 'LAPTOP-8ONRQ0OO', ip: '192.168.1.7', os.name: 'Windows 10', os.arch: 'amd64', os.version: '10.0', java.version: '1.8.0_111'
Driver info: driver.version: ChromeDriver
remote stacktrace: Backtrace:
Ordinal0 [0x01092733+2434867]
Ordinal0 [0x010207A1+1968033]
Ordinal0 [0x00F0C678+837240]
Ordinal0 [0x00F2CAC3+969411]
Ordinal0 [0x00F286DA+952026]
Ordinal0 [0x00F25F91+941969]
Ordinal0 [0x00F590B0+1151152]
Ordinal0 [0x00F58D0A+1150218]
Ordinal0 [0x00F54256+1131094]
Ordinal0 [0x00F2E840+976960]
Ordinal0 [0x00F2F736+980790]
GetHandleVerifier [0x01303C72+2515426]
GetHandleVerifier [0x012F702F+2463135]
GetHandleVerifier [0x0113522A+620442]
GetHandleVerifier [0x01134016+615814]
Ordinal0 [0x0102707B+1994875]
Ordinal0 [0x0102B938+2013496]
Ordinal0 [0x0102BA25+2013733]
Ordinal0 [0x01034DE1+2051553]
BaseThreadInitThunk [0x7770FA29+25]
RtlGetAppContainerNamedObjectPath [0x77857A7E+286]
RtlGetAppContainerNamedObjectPath [0x77857A4E+238]

at org.openqa.selenium.remote.W3CHandshakeResponse.lambda$new$0(W3CHandshakeResponse.java:57)
at org.openqa.selenium.remote.W3CHandshakeResponse.lambda$getResponseFunction$2(W3CHandshakeResponse.java:104)
at org.openqa.selenium.remote.ProtocolHandshake.lambda$createSession$0(ProtocolHandshake.java:122)
at java.util.stream.ReferencePipeline$3$1.accept(ReferencePipeline.java:193)
at java.util.Spliterators$ArraySpliterator.tryAdvance(Spliterators.java:958)
at java.util.stream.ReferencePipeline.forEachWithCancel(ReferencePipeline.java:126)
at java.util.stream.AbstractPipeline.copyIntoWithCancel(AbstractPipeline.java:498)
at java.util.stream.AbstractPipeline.copyInto(AbstractPipeline.java:485)
at java.util.stream.AbstractPipeline.wrapAndCopyInto(AbstractPipeline.java:471)
at java.util.stream.FindOps$FindOp.evaluateSequential(FindOps.java:152)
at java.util.stream.AbstractPipeline.evaluate(AbstractPipeline.java:234)
at java.util.stream.ReferencePipeline.findFirst(ReferencePipeline.java:464)
at org.openqa.selenium.remote.ProtocolHandshake.createSession(ProtocolHandshake.java:125)
at org.openqa.selenium.remote.ProtocolHandshake.createSession(ProtocolHandshake.java:73)
at org.openqa.selenium.remote.HttpCommandExecutor.execute(HttpCommandExecutor.java:136)
at org.openqa.selenium.remote.service.DriverCommandExecutor.execute(DriverCommandExecutor.java:83)
at org.openqa.selenium.remote.RemoteWebDriver.execute(RemoteWebDriver.java:548)
at org.openqa.selenium.remote.RemoteWebDriver.startSession(RemoteWebDriver.java:212)
at org.openqa.selenium.remote.RemoteWebDriver.<init>(RemoteWebDriver.java:130)
at org.openqa.selenium.chrome.ChromeDriver.<init>(ChromeDriver.java:181)
at org.openqa.selenium.chrome.ChromeDriver.<init>(ChromeDriver.java:168)
at org.openqa.selenium.chrome.ChromeDriver.<init>(ChromeDriver.java:157)
at com.crm.qa.BaseClass.TestBase.initialization(TestBase.java:70)
at com.crm.qa.TestCases.LoginPageTest.setUp(LoginPageTest.java:25)
at java.util.ArrayList.forEach(ArrayList.java:1249)
... Removed 35 stack frames]]>
    </failure>
  </testcase> <!-- @BeforeMethod setUp -->
  <testcase name="@AfterMethod tearDown" time="0.0" classname="com.crm.qa.BaseClass.TestBase">
    <failure type="java.lang.NullPointerException">
      <![CDATA[java.lang.NullPointerException
at com.crm.qa.BaseClass.TestBase.tearDown(TestBase.java:110)
at java.util.ArrayList.forEach(ArrayList.java:1249)
... Removed 32 stack frames]]>
    </failure>
  </testcase> <!-- @AfterMethod tearDown -->
  <testcase name="@BeforeMethod setUp" time="2.4" classname="com.crm.qa.TestCases.LoginPageTest">
    <failure type="org.openqa.selenium.SessionNotCreatedException" message="session not created: This version of ChromeDriver only supports Chrome version 102
Current browser version is 101.0.4951.54 with binary path C:\Program Files (x86)\Google\Chrome\Application\chrome.exe
Build info: version: &amp;apos;3.14.0&amp;apos;, revision: &amp;apos;aacccce0&amp;apos;, time: &amp;apos;2018-08-02T20:19:58.91Z&amp;apos;
System info: host: &amp;apos;LAPTOP-8ONRQ0OO&amp;apos;, ip: &amp;apos;192.168.1.7&amp;apos;, os.name: &amp;apos;Windows 10&amp;apos;, os.arch: &amp;apos;amd64&amp;apos;, os.version: &amp;apos;10.0&amp;apos;, java.version: &amp;apos;1.8.0_111&amp;apos;
Driver info: driver.version: ChromeDriver
remote stacktrace: Backtrace:
	Ordinal0 [0x01092733+2434867]
	Ordinal0 [0x010207A1+1968033]
	Ordinal0 [0x00F0C678+837240]
	Ordinal0 [0x00F2CAC3+969411]
	Ordinal0 [0x00F286DA+952026]
	Ordinal0 [0x00F25F91+941969]
	Ordinal0 [0x00F590B0+1151152]
	Ordinal0 [0x00F58D0A+1150218]
	Ordinal0 [0x00F54256+1131094]
	Ordinal0 [0x00F2E840+976960]
	Ordinal0 [0x00F2F736+980790]
	GetHandleVerifier [0x01303C72+2515426]
	GetHandleVerifier [0x012F702F+2463135]
	GetHandleVerifier [0x0113522A+620442]
	GetHandleVerifier [0x01134016+615814]
	Ordinal0 [0x0102707B+1994875]
	Ordinal0 [0x0102B938+2013496]
	Ordinal0 [0x0102BA25+2013733]
	Ordinal0 [0x01034DE1+2051553]
	BaseThreadInitThunk [0x7770FA29+25]
	RtlGetAppContainerNamedObjectPath [0x77857A7E+286]
	RtlGetAppContainerNamedObjectPath [0x77857A4E+238]
">
      <![CDATA[org.openqa.selenium.SessionNotCreatedException: session not created: This version of ChromeDriver only supports Chrome version 102
Current browser version is 101.0.4951.54 with binary path C:\Program Files (x86)\Google\Chrome\Application\chrome.exe
Build info: version: '3.14.0', revision: 'aacccce0', time: '2018-08-02T20:19:58.91Z'
System info: host: 'LAPTOP-8ONRQ0OO', ip: '192.168.1.7', os.name: 'Windows 10', os.arch: 'amd64', os.version: '10.0', java.version: '1.8.0_111'
Driver info: driver.version: ChromeDriver
remote stacktrace: Backtrace:
Ordinal0 [0x01092733+2434867]
Ordinal0 [0x010207A1+1968033]
Ordinal0 [0x00F0C678+837240]
Ordinal0 [0x00F2CAC3+969411]
Ordinal0 [0x00F286DA+952026]
Ordinal0 [0x00F25F91+941969]
Ordinal0 [0x00F590B0+1151152]
Ordinal0 [0x00F58D0A+1150218]
Ordinal0 [0x00F54256+1131094]
Ordinal0 [0x00F2E840+976960]
Ordinal0 [0x00F2F736+980790]
GetHandleVerifier [0x01303C72+2515426]
GetHandleVerifier [0x012F702F+2463135]
GetHandleVerifier [0x0113522A+620442]
GetHandleVerifier [0x01134016+615814]
Ordinal0 [0x0102707B+1994875]
Ordinal0 [0x0102B938+2013496]
Ordinal0 [0x0102BA25+2013733]
Ordinal0 [0x01034DE1+2051553]
BaseThreadInitThunk [0x7770FA29+25]
RtlGetAppContainerNamedObjectPath [0x77857A7E+286]
RtlGetAppContainerNamedObjectPath [0x77857A4E+238]

at org.openqa.selenium.remote.W3CHandshakeResponse.lambda$new$0(W3CHandshakeResponse.java:57)
at org.openqa.selenium.remote.W3CHandshakeResponse.lambda$getResponseFunction$2(W3CHandshakeResponse.java:104)
at org.openqa.selenium.remote.ProtocolHandshake.lambda$createSession$0(ProtocolHandshake.java:122)
at java.util.stream.ReferencePipeline$3$1.accept(ReferencePipeline.java:193)
at java.util.Spliterators$ArraySpliterator.tryAdvance(Spliterators.java:958)
at java.util.stream.ReferencePipeline.forEachWithCancel(ReferencePipeline.java:126)
at java.util.stream.AbstractPipeline.copyIntoWithCancel(AbstractPipeline.java:498)
at java.util.stream.AbstractPipeline.copyInto(AbstractPipeline.java:485)
at java.util.stream.AbstractPipeline.wrapAndCopyInto(AbstractPipeline.java:471)
at java.util.stream.FindOps$FindOp.evaluateSequential(FindOps.java:152)
at java.util.stream.AbstractPipeline.evaluate(AbstractPipeline.java:234)
at java.util.stream.ReferencePipeline.findFirst(ReferencePipeline.java:464)
at org.openqa.selenium.remote.ProtocolHandshake.createSession(ProtocolHandshake.java:125)
at org.openqa.selenium.remote.ProtocolHandshake.createSession(ProtocolHandshake.java:73)
at org.openqa.selenium.remote.HttpCommandExecutor.execute(HttpCommandExecutor.java:136)
at org.openqa.selenium.remote.service.DriverCommandExecutor.execute(DriverCommandExecutor.java:83)
at org.openqa.selenium.remote.RemoteWebDriver.execute(RemoteWebDriver.java:548)
at org.openqa.selenium.remote.RemoteWebDriver.startSession(RemoteWebDriver.java:212)
at org.openqa.selenium.remote.RemoteWebDriver.<init>(RemoteWebDriver.java:130)
at org.openqa.selenium.chrome.ChromeDriver.<init>(ChromeDriver.java:181)
at org.openqa.selenium.chrome.ChromeDriver.<init>(ChromeDriver.java:168)
at org.openqa.selenium.chrome.ChromeDriver.<init>(ChromeDriver.java:157)
at com.crm.qa.BaseClass.TestBase.initialization(TestBase.java:70)
at com.crm.qa.TestCases.LoginPageTest.setUp(LoginPageTest.java:25)
at java.util.ArrayList.forEach(ArrayList.java:1249)
... Removed 35 stack frames]]>
    </failure>
  </testcase> <!-- @BeforeMethod setUp -->
  <testcase name="@AfterMethod tearDown" time="0.0" classname="com.crm.qa.BaseClass.TestBase">
    <failure type="java.lang.NullPointerException">
      <![CDATA[java.lang.NullPointerException
at com.crm.qa.BaseClass.TestBase.tearDown(TestBase.java:110)
at java.util.ArrayList.forEach(ArrayList.java:1249)
... Removed 32 stack frames]]>
    </failure>
  </testcase> <!-- @AfterMethod tearDown -->
  <testcase name="@BeforeMethod setUp" time="2.608" classname="com.crm.qa.TestCases.LoginPageTest">
    <failure type="org.openqa.selenium.SessionNotCreatedException" message="session not created: This version of ChromeDriver only supports Chrome version 102
Current browser version is 101.0.4951.54 with binary path C:\Program Files (x86)\Google\Chrome\Application\chrome.exe
Build info: version: &amp;apos;3.14.0&amp;apos;, revision: &amp;apos;aacccce0&amp;apos;, time: &amp;apos;2018-08-02T20:19:58.91Z&amp;apos;
System info: host: &amp;apos;LAPTOP-8ONRQ0OO&amp;apos;, ip: &amp;apos;192.168.1.7&amp;apos;, os.name: &amp;apos;Windows 10&amp;apos;, os.arch: &amp;apos;amd64&amp;apos;, os.version: &amp;apos;10.0&amp;apos;, java.version: &amp;apos;1.8.0_111&amp;apos;
Driver info: driver.version: ChromeDriver
remote stacktrace: Backtrace:
	Ordinal0 [0x01092733+2434867]
	Ordinal0 [0x010207A1+1968033]
	Ordinal0 [0x00F0C678+837240]
	Ordinal0 [0x00F2CAC3+969411]
	Ordinal0 [0x00F286DA+952026]
	Ordinal0 [0x00F25F91+941969]
	Ordinal0 [0x00F590B0+1151152]
	Ordinal0 [0x00F58D0A+1150218]
	Ordinal0 [0x00F54256+1131094]
	Ordinal0 [0x00F2E840+976960]
	Ordinal0 [0x00F2F736+980790]
	GetHandleVerifier [0x01303C72+2515426]
	GetHandleVerifier [0x012F702F+2463135]
	GetHandleVerifier [0x0113522A+620442]
	GetHandleVerifier [0x01134016+615814]
	Ordinal0 [0x0102707B+1994875]
	Ordinal0 [0x0102B938+2013496]
	Ordinal0 [0x0102BA25+2013733]
	Ordinal0 [0x01034DE1+2051553]
	BaseThreadInitThunk [0x7770FA29+25]
	RtlGetAppContainerNamedObjectPath [0x77857A7E+286]
	RtlGetAppContainerNamedObjectPath [0x77857A4E+238]
">
      <![CDATA[org.openqa.selenium.SessionNotCreatedException: session not created: This version of ChromeDriver only supports Chrome version 102
Current browser version is 101.0.4951.54 with binary path C:\Program Files (x86)\Google\Chrome\Application\chrome.exe
Build info: version: '3.14.0', revision: 'aacccce0', time: '2018-08-02T20:19:58.91Z'
System info: host: 'LAPTOP-8ONRQ0OO', ip: '192.168.1.7', os.name: 'Windows 10', os.arch: 'amd64', os.version: '10.0', java.version: '1.8.0_111'
Driver info: driver.version: ChromeDriver
remote stacktrace: Backtrace:
Ordinal0 [0x01092733+2434867]
Ordinal0 [0x010207A1+1968033]
Ordinal0 [0x00F0C678+837240]
Ordinal0 [0x00F2CAC3+969411]
Ordinal0 [0x00F286DA+952026]
Ordinal0 [0x00F25F91+941969]
Ordinal0 [0x00F590B0+1151152]
Ordinal0 [0x00F58D0A+1150218]
Ordinal0 [0x00F54256+1131094]
Ordinal0 [0x00F2E840+976960]
Ordinal0 [0x00F2F736+980790]
GetHandleVerifier [0x01303C72+2515426]
GetHandleVerifier [0x012F702F+2463135]
GetHandleVerifier [0x0113522A+620442]
GetHandleVerifier [0x01134016+615814]
Ordinal0 [0x0102707B+1994875]
Ordinal0 [0x0102B938+2013496]
Ordinal0 [0x0102BA25+2013733]
Ordinal0 [0x01034DE1+2051553]
BaseThreadInitThunk [0x7770FA29+25]
RtlGetAppContainerNamedObjectPath [0x77857A7E+286]
RtlGetAppContainerNamedObjectPath [0x77857A4E+238]

at org.openqa.selenium.remote.W3CHandshakeResponse.lambda$new$0(W3CHandshakeResponse.java:57)
at org.openqa.selenium.remote.W3CHandshakeResponse.lambda$getResponseFunction$2(W3CHandshakeResponse.java:104)
at org.openqa.selenium.remote.ProtocolHandshake.lambda$createSession$0(ProtocolHandshake.java:122)
at java.util.stream.ReferencePipeline$3$1.accept(ReferencePipeline.java:193)
at java.util.Spliterators$ArraySpliterator.tryAdvance(Spliterators.java:958)
at java.util.stream.ReferencePipeline.forEachWithCancel(ReferencePipeline.java:126)
at java.util.stream.AbstractPipeline.copyIntoWithCancel(AbstractPipeline.java:498)
at java.util.stream.AbstractPipeline.copyInto(AbstractPipeline.java:485)
at java.util.stream.AbstractPipeline.wrapAndCopyInto(AbstractPipeline.java:471)
at java.util.stream.FindOps$FindOp.evaluateSequential(FindOps.java:152)
at java.util.stream.AbstractPipeline.evaluate(AbstractPipeline.java:234)
at java.util.stream.ReferencePipeline.findFirst(ReferencePipeline.java:464)
at org.openqa.selenium.remote.ProtocolHandshake.createSession(ProtocolHandshake.java:125)
at org.openqa.selenium.remote.ProtocolHandshake.createSession(ProtocolHandshake.java:73)
at org.openqa.selenium.remote.HttpCommandExecutor.execute(HttpCommandExecutor.java:136)
at org.openqa.selenium.remote.service.DriverCommandExecutor.execute(DriverCommandExecutor.java:83)
at org.openqa.selenium.remote.RemoteWebDriver.execute(RemoteWebDriver.java:548)
at org.openqa.selenium.remote.RemoteWebDriver.startSession(RemoteWebDriver.java:212)
at org.openqa.selenium.remote.RemoteWebDriver.<init>(RemoteWebDriver.java:130)
at org.openqa.selenium.chrome.ChromeDriver.<init>(ChromeDriver.java:181)
at org.openqa.selenium.chrome.ChromeDriver.<init>(ChromeDriver.java:168)
at org.openqa.selenium.chrome.ChromeDriver.<init>(ChromeDriver.java:157)
at com.crm.qa.BaseClass.TestBase.initialization(TestBase.java:70)
at com.crm.qa.TestCases.LoginPageTest.setUp(LoginPageTest.java:25)
at java.util.ArrayList.forEach(ArrayList.java:1249)
... Removed 35 stack frames]]>
    </failure>
  </testcase> <!-- @BeforeMethod setUp -->
  <testcase name="@AfterMethod tearDown" time="0.0" classname="com.crm.qa.BaseClass.TestBase">
    <failure type="java.lang.NullPointerException">
      <![CDATA[java.lang.NullPointerException
at com.crm.qa.BaseClass.TestBase.tearDown(TestBase.java:110)
at java.util.ArrayList.forEach(ArrayList.java:1249)
... Removed 32 stack frames]]>
    </failure>
  </testcase> <!-- @AfterMethod tearDown -->
  <testcase name="@BeforeMethod setUp" time="2.955" classname="com.crm.qa.TestCases.HomePageTest">
    <failure type="org.openqa.selenium.SessionNotCreatedException" message="session not created: This version of ChromeDriver only supports Chrome version 102
Current browser version is 101.0.4951.54 with binary path C:\Program Files (x86)\Google\Chrome\Application\chrome.exe
Build info: version: &amp;apos;3.14.0&amp;apos;, revision: &amp;apos;aacccce0&amp;apos;, time: &amp;apos;2018-08-02T20:19:58.91Z&amp;apos;
System info: host: &amp;apos;LAPTOP-8ONRQ0OO&amp;apos;, ip: &amp;apos;192.168.1.7&amp;apos;, os.name: &amp;apos;Windows 10&amp;apos;, os.arch: &amp;apos;amd64&amp;apos;, os.version: &amp;apos;10.0&amp;apos;, java.version: &amp;apos;1.8.0_111&amp;apos;
Driver info: driver.version: ChromeDriver
remote stacktrace: Backtrace:
	Ordinal0 [0x01092733+2434867]
	Ordinal0 [0x010207A1+1968033]
	Ordinal0 [0x00F0C678+837240]
	Ordinal0 [0x00F2CAC3+969411]
	Ordinal0 [0x00F286DA+952026]
	Ordinal0 [0x00F25F91+941969]
	Ordinal0 [0x00F590B0+1151152]
	Ordinal0 [0x00F58D0A+1150218]
	Ordinal0 [0x00F54256+1131094]
	Ordinal0 [0x00F2E840+976960]
	Ordinal0 [0x00F2F736+980790]
	GetHandleVerifier [0x01303C72+2515426]
	GetHandleVerifier [0x012F702F+2463135]
	GetHandleVerifier [0x0113522A+620442]
	GetHandleVerifier [0x01134016+615814]
	Ordinal0 [0x0102707B+1994875]
	Ordinal0 [0x0102B938+2013496]
	Ordinal0 [0x0102BA25+2013733]
	Ordinal0 [0x01034DE1+2051553]
	BaseThreadInitThunk [0x7770FA29+25]
	RtlGetAppContainerNamedObjectPath [0x77857A7E+286]
	RtlGetAppContainerNamedObjectPath [0x77857A4E+238]
">
      <![CDATA[org.openqa.selenium.SessionNotCreatedException: session not created: This version of ChromeDriver only supports Chrome version 102
Current browser version is 101.0.4951.54 with binary path C:\Program Files (x86)\Google\Chrome\Application\chrome.exe
Build info: version: '3.14.0', revision: 'aacccce0', time: '2018-08-02T20:19:58.91Z'
System info: host: 'LAPTOP-8ONRQ0OO', ip: '192.168.1.7', os.name: 'Windows 10', os.arch: 'amd64', os.version: '10.0', java.version: '1.8.0_111'
Driver info: driver.version: ChromeDriver
remote stacktrace: Backtrace:
Ordinal0 [0x01092733+2434867]
Ordinal0 [0x010207A1+1968033]
Ordinal0 [0x00F0C678+837240]
Ordinal0 [0x00F2CAC3+969411]
Ordinal0 [0x00F286DA+952026]
Ordinal0 [0x00F25F91+941969]
Ordinal0 [0x00F590B0+1151152]
Ordinal0 [0x00F58D0A+1150218]
Ordinal0 [0x00F54256+1131094]
Ordinal0 [0x00F2E840+976960]
Ordinal0 [0x00F2F736+980790]
GetHandleVerifier [0x01303C72+2515426]
GetHandleVerifier [0x012F702F+2463135]
GetHandleVerifier [0x0113522A+620442]
GetHandleVerifier [0x01134016+615814]
Ordinal0 [0x0102707B+1994875]
Ordinal0 [0x0102B938+2013496]
Ordinal0 [0x0102BA25+2013733]
Ordinal0 [0x01034DE1+2051553]
BaseThreadInitThunk [0x7770FA29+25]
RtlGetAppContainerNamedObjectPath [0x77857A7E+286]
RtlGetAppContainerNamedObjectPath [0x77857A4E+238]

at org.openqa.selenium.remote.W3CHandshakeResponse.lambda$new$0(W3CHandshakeResponse.java:57)
at org.openqa.selenium.remote.W3CHandshakeResponse.lambda$getResponseFunction$2(W3CHandshakeResponse.java:104)
at org.openqa.selenium.remote.ProtocolHandshake.lambda$createSession$0(ProtocolHandshake.java:122)
at java.util.stream.ReferencePipeline$3$1.accept(ReferencePipeline.java:193)
at java.util.Spliterators$ArraySpliterator.tryAdvance(Spliterators.java:958)
at java.util.stream.ReferencePipeline.forEachWithCancel(ReferencePipeline.java:126)
at java.util.stream.AbstractPipeline.copyIntoWithCancel(AbstractPipeline.java:498)
at java.util.stream.AbstractPipeline.copyInto(AbstractPipeline.java:485)
at java.util.stream.AbstractPipeline.wrapAndCopyInto(AbstractPipeline.java:471)
at java.util.stream.FindOps$FindOp.evaluateSequential(FindOps.java:152)
at java.util.stream.AbstractPipeline.evaluate(AbstractPipeline.java:234)
at java.util.stream.ReferencePipeline.findFirst(ReferencePipeline.java:464)
at org.openqa.selenium.remote.ProtocolHandshake.createSession(ProtocolHandshake.java:125)
at org.openqa.selenium.remote.ProtocolHandshake.createSession(ProtocolHandshake.java:73)
at org.openqa.selenium.remote.HttpCommandExecutor.execute(HttpCommandExecutor.java:136)
at org.openqa.selenium.remote.service.DriverCommandExecutor.execute(DriverCommandExecutor.java:83)
at org.openqa.selenium.remote.RemoteWebDriver.execute(RemoteWebDriver.java:548)
at org.openqa.selenium.remote.RemoteWebDriver.startSession(RemoteWebDriver.java:212)
at org.openqa.selenium.remote.RemoteWebDriver.<init>(RemoteWebDriver.java:130)
at org.openqa.selenium.chrome.ChromeDriver.<init>(ChromeDriver.java:181)
at org.openqa.selenium.chrome.ChromeDriver.<init>(ChromeDriver.java:168)
at org.openqa.selenium.chrome.ChromeDriver.<init>(ChromeDriver.java:157)
at com.crm.qa.BaseClass.TestBase.initialization(TestBase.java:70)
at com.crm.qa.TestCases.HomePageTest.setUp(HomePageTest.java:31)
at java.util.ArrayList.forEach(ArrayList.java:1249)
... Removed 35 stack frames]]>
    </failure>
  </testcase> <!-- @BeforeMethod setUp -->
  <testcase name="@AfterMethod tearDown" time="0.0" classname="com.crm.qa.BaseClass.TestBase">
    <failure type="java.lang.NullPointerException">
      <![CDATA[java.lang.NullPointerException
at com.crm.qa.BaseClass.TestBase.tearDown(TestBase.java:110)
at java.util.ArrayList.forEach(ArrayList.java:1249)
... Removed 32 stack frames]]>
    </failure>
  </testcase> <!-- @AfterMethod tearDown -->
  <testcase name="@BeforeMethod setUp" time="2.81" classname="com.crm.qa.TestCases.HomePageTest">
    <failure type="org.openqa.selenium.SessionNotCreatedException" message="session not created: This version of ChromeDriver only supports Chrome version 102
Current browser version is 101.0.4951.54 with binary path C:\Program Files (x86)\Google\Chrome\Application\chrome.exe
Build info: version: &amp;apos;3.14.0&amp;apos;, revision: &amp;apos;aacccce0&amp;apos;, time: &amp;apos;2018-08-02T20:19:58.91Z&amp;apos;
System info: host: &amp;apos;LAPTOP-8ONRQ0OO&amp;apos;, ip: &amp;apos;192.168.1.7&amp;apos;, os.name: &amp;apos;Windows 10&amp;apos;, os.arch: &amp;apos;amd64&amp;apos;, os.version: &amp;apos;10.0&amp;apos;, java.version: &amp;apos;1.8.0_111&amp;apos;
Driver info: driver.version: ChromeDriver
remote stacktrace: Backtrace:
	Ordinal0 [0x01092733+2434867]
	Ordinal0 [0x010207A1+1968033]
	Ordinal0 [0x00F0C678+837240]
	Ordinal0 [0x00F2CAC3+969411]
	Ordinal0 [0x00F286DA+952026]
	Ordinal0 [0x00F25F91+941969]
	Ordinal0 [0x00F590B0+1151152]
	Ordinal0 [0x00F58D0A+1150218]
	Ordinal0 [0x00F54256+1131094]
	Ordinal0 [0x00F2E840+976960]
	Ordinal0 [0x00F2F736+980790]
	GetHandleVerifier [0x01303C72+2515426]
	GetHandleVerifier [0x012F702F+2463135]
	GetHandleVerifier [0x0113522A+620442]
	GetHandleVerifier [0x01134016+615814]
	Ordinal0 [0x0102707B+1994875]
	Ordinal0 [0x0102B938+2013496]
	Ordinal0 [0x0102BA25+2013733]
	Ordinal0 [0x01034DE1+2051553]
	BaseThreadInitThunk [0x7770FA29+25]
	RtlGetAppContainerNamedObjectPath [0x77857A7E+286]
	RtlGetAppContainerNamedObjectPath [0x77857A4E+238]
">
      <![CDATA[org.openqa.selenium.SessionNotCreatedException: session not created: This version of ChromeDriver only supports Chrome version 102
Current browser version is 101.0.4951.54 with binary path C:\Program Files (x86)\Google\Chrome\Application\chrome.exe
Build info: version: '3.14.0', revision: 'aacccce0', time: '2018-08-02T20:19:58.91Z'
System info: host: 'LAPTOP-8ONRQ0OO', ip: '192.168.1.7', os.name: 'Windows 10', os.arch: 'amd64', os.version: '10.0', java.version: '1.8.0_111'
Driver info: driver.version: ChromeDriver
remote stacktrace: Backtrace:
Ordinal0 [0x01092733+2434867]
Ordinal0 [0x010207A1+1968033]
Ordinal0 [0x00F0C678+837240]
Ordinal0 [0x00F2CAC3+969411]
Ordinal0 [0x00F286DA+952026]
Ordinal0 [0x00F25F91+941969]
Ordinal0 [0x00F590B0+1151152]
Ordinal0 [0x00F58D0A+1150218]
Ordinal0 [0x00F54256+1131094]
Ordinal0 [0x00F2E840+976960]
Ordinal0 [0x00F2F736+980790]
GetHandleVerifier [0x01303C72+2515426]
GetHandleVerifier [0x012F702F+2463135]
GetHandleVerifier [0x0113522A+620442]
GetHandleVerifier [0x01134016+615814]
Ordinal0 [0x0102707B+1994875]
Ordinal0 [0x0102B938+2013496]
Ordinal0 [0x0102BA25+2013733]
Ordinal0 [0x01034DE1+2051553]
BaseThreadInitThunk [0x7770FA29+25]
RtlGetAppContainerNamedObjectPath [0x77857A7E+286]
RtlGetAppContainerNamedObjectPath [0x77857A4E+238]

at org.openqa.selenium.remote.W3CHandshakeResponse.lambda$new$0(W3CHandshakeResponse.java:57)
at org.openqa.selenium.remote.W3CHandshakeResponse.lambda$getResponseFunction$2(W3CHandshakeResponse.java:104)
at org.openqa.selenium.remote.ProtocolHandshake.lambda$createSession$0(ProtocolHandshake.java:122)
at java.util.stream.ReferencePipeline$3$1.accept(ReferencePipeline.java:193)
at java.util.Spliterators$ArraySpliterator.tryAdvance(Spliterators.java:958)
at java.util.stream.ReferencePipeline.forEachWithCancel(ReferencePipeline.java:126)
at java.util.stream.AbstractPipeline.copyIntoWithCancel(AbstractPipeline.java:498)
at java.util.stream.AbstractPipeline.copyInto(AbstractPipeline.java:485)
at java.util.stream.AbstractPipeline.wrapAndCopyInto(AbstractPipeline.java:471)
at java.util.stream.FindOps$FindOp.evaluateSequential(FindOps.java:152)
at java.util.stream.AbstractPipeline.evaluate(AbstractPipeline.java:234)
at java.util.stream.ReferencePipeline.findFirst(ReferencePipeline.java:464)
at org.openqa.selenium.remote.ProtocolHandshake.createSession(ProtocolHandshake.java:125)
at org.openqa.selenium.remote.ProtocolHandshake.createSession(ProtocolHandshake.java:73)
at org.openqa.selenium.remote.HttpCommandExecutor.execute(HttpCommandExecutor.java:136)
at org.openqa.selenium.remote.service.DriverCommandExecutor.execute(DriverCommandExecutor.java:83)
at org.openqa.selenium.remote.RemoteWebDriver.execute(RemoteWebDriver.java:548)
at org.openqa.selenium.remote.RemoteWebDriver.startSession(RemoteWebDriver.java:212)
at org.openqa.selenium.remote.RemoteWebDriver.<init>(RemoteWebDriver.java:130)
at org.openqa.selenium.chrome.ChromeDriver.<init>(ChromeDriver.java:181)
at org.openqa.selenium.chrome.ChromeDriver.<init>(ChromeDriver.java:168)
at org.openqa.selenium.chrome.ChromeDriver.<init>(ChromeDriver.java:157)
at com.crm.qa.BaseClass.TestBase.initialization(TestBase.java:70)
at com.crm.qa.TestCases.HomePageTest.setUp(HomePageTest.java:31)
at java.util.ArrayList.forEach(ArrayList.java:1249)
... Removed 35 stack frames]]>
    </failure>
  </testcase> <!-- @BeforeMethod setUp -->
  <testcase name="@AfterMethod tearDown" time="0.0" classname="com.crm.qa.BaseClass.TestBase">
    <failure type="java.lang.NullPointerException">
      <![CDATA[java.lang.NullPointerException
at com.crm.qa.BaseClass.TestBase.tearDown(TestBase.java:110)
at java.util.ArrayList.forEach(ArrayList.java:1249)
... Removed 32 stack frames]]>
    </failure>
  </testcase> <!-- @AfterMethod tearDown -->
  <testcase name="@BeforeMethod setUp" time="2.427" classname="com.crm.qa.TestCases.HomePageTest">
    <failure type="org.openqa.selenium.SessionNotCreatedException" message="session not created: This version of ChromeDriver only supports Chrome version 102
Current browser version is 101.0.4951.54 with binary path C:\Program Files (x86)\Google\Chrome\Application\chrome.exe
Build info: version: &amp;apos;3.14.0&amp;apos;, revision: &amp;apos;aacccce0&amp;apos;, time: &amp;apos;2018-08-02T20:19:58.91Z&amp;apos;
System info: host: &amp;apos;LAPTOP-8ONRQ0OO&amp;apos;, ip: &amp;apos;192.168.1.7&amp;apos;, os.name: &amp;apos;Windows 10&amp;apos;, os.arch: &amp;apos;amd64&amp;apos;, os.version: &amp;apos;10.0&amp;apos;, java.version: &amp;apos;1.8.0_111&amp;apos;
Driver info: driver.version: ChromeDriver
remote stacktrace: Backtrace:
	Ordinal0 [0x01092733+2434867]
	Ordinal0 [0x010207A1+1968033]
	Ordinal0 [0x00F0C678+837240]
	Ordinal0 [0x00F2CAC3+969411]
	Ordinal0 [0x00F286DA+952026]
	Ordinal0 [0x00F25F91+941969]
	Ordinal0 [0x00F590B0+1151152]
	Ordinal0 [0x00F58D0A+1150218]
	Ordinal0 [0x00F54256+1131094]
	Ordinal0 [0x00F2E840+976960]
	Ordinal0 [0x00F2F736+980790]
	GetHandleVerifier [0x01303C72+2515426]
	GetHandleVerifier [0x012F702F+2463135]
	GetHandleVerifier [0x0113522A+620442]
	GetHandleVerifier [0x01134016+615814]
	Ordinal0 [0x0102707B+1994875]
	Ordinal0 [0x0102B938+2013496]
	Ordinal0 [0x0102BA25+2013733]
	Ordinal0 [0x01034DE1+2051553]
	BaseThreadInitThunk [0x7770FA29+25]
	RtlGetAppContainerNamedObjectPath [0x77857A7E+286]
	RtlGetAppContainerNamedObjectPath [0x77857A4E+238]
">
      <![CDATA[org.openqa.selenium.SessionNotCreatedException: session not created: This version of ChromeDriver only supports Chrome version 102
Current browser version is 101.0.4951.54 with binary path C:\Program Files (x86)\Google\Chrome\Application\chrome.exe
Build info: version: '3.14.0', revision: 'aacccce0', time: '2018-08-02T20:19:58.91Z'
System info: host: 'LAPTOP-8ONRQ0OO', ip: '192.168.1.7', os.name: 'Windows 10', os.arch: 'amd64', os.version: '10.0', java.version: '1.8.0_111'
Driver info: driver.version: ChromeDriver
remote stacktrace: Backtrace:
Ordinal0 [0x01092733+2434867]
Ordinal0 [0x010207A1+1968033]
Ordinal0 [0x00F0C678+837240]
Ordinal0 [0x00F2CAC3+969411]
Ordinal0 [0x00F286DA+952026]
Ordinal0 [0x00F25F91+941969]
Ordinal0 [0x00F590B0+1151152]
Ordinal0 [0x00F58D0A+1150218]
Ordinal0 [0x00F54256+1131094]
Ordinal0 [0x00F2E840+976960]
Ordinal0 [0x00F2F736+980790]
GetHandleVerifier [0x01303C72+2515426]
GetHandleVerifier [0x012F702F+2463135]
GetHandleVerifier [0x0113522A+620442]
GetHandleVerifier [0x01134016+615814]
Ordinal0 [0x0102707B+1994875]
Ordinal0 [0x0102B938+2013496]
Ordinal0 [0x0102BA25+2013733]
Ordinal0 [0x01034DE1+2051553]
BaseThreadInitThunk [0x7770FA29+25]
RtlGetAppContainerNamedObjectPath [0x77857A7E+286]
RtlGetAppContainerNamedObjectPath [0x77857A4E+238]

at org.openqa.selenium.remote.W3CHandshakeResponse.lambda$new$0(W3CHandshakeResponse.java:57)
at org.openqa.selenium.remote.W3CHandshakeResponse.lambda$getResponseFunction$2(W3CHandshakeResponse.java:104)
at org.openqa.selenium.remote.ProtocolHandshake.lambda$createSession$0(ProtocolHandshake.java:122)
at java.util.stream.ReferencePipeline$3$1.accept(ReferencePipeline.java:193)
at java.util.Spliterators$ArraySpliterator.tryAdvance(Spliterators.java:958)
at java.util.stream.ReferencePipeline.forEachWithCancel(ReferencePipeline.java:126)
at java.util.stream.AbstractPipeline.copyIntoWithCancel(AbstractPipeline.java:498)
at java.util.stream.AbstractPipeline.copyInto(AbstractPipeline.java:485)
at java.util.stream.AbstractPipeline.wrapAndCopyInto(AbstractPipeline.java:471)
at java.util.stream.FindOps$FindOp.evaluateSequential(FindOps.java:152)
at java.util.stream.AbstractPipeline.evaluate(AbstractPipeline.java:234)
at java.util.stream.ReferencePipeline.findFirst(ReferencePipeline.java:464)
at org.openqa.selenium.remote.ProtocolHandshake.createSession(ProtocolHandshake.java:125)
at org.openqa.selenium.remote.ProtocolHandshake.createSession(ProtocolHandshake.java:73)
at org.openqa.selenium.remote.HttpCommandExecutor.execute(HttpCommandExecutor.java:136)
at org.openqa.selenium.remote.service.DriverCommandExecutor.execute(DriverCommandExecutor.java:83)
at org.openqa.selenium.remote.RemoteWebDriver.execute(RemoteWebDriver.java:548)
at org.openqa.selenium.remote.RemoteWebDriver.startSession(RemoteWebDriver.java:212)
at org.openqa.selenium.remote.RemoteWebDriver.<init>(RemoteWebDriver.java:130)
at org.openqa.selenium.chrome.ChromeDriver.<init>(ChromeDriver.java:181)
at org.openqa.selenium.chrome.ChromeDriver.<init>(ChromeDriver.java:168)
at org.openqa.selenium.chrome.ChromeDriver.<init>(ChromeDriver.java:157)
at com.crm.qa.BaseClass.TestBase.initialization(TestBase.java:70)
at com.crm.qa.TestCases.HomePageTest.setUp(HomePageTest.java:31)
at java.util.ArrayList.forEach(ArrayList.java:1249)
... Removed 35 stack frames]]>
    </failure>
  </testcase> <!-- @BeforeMethod setUp -->
  <testcase name="@AfterMethod tearDown" time="0.0" classname="com.crm.qa.BaseClass.TestBase">
    <failure type="java.lang.NullPointerException">
      <![CDATA[java.lang.NullPointerException
at com.crm.qa.BaseClass.TestBase.tearDown(TestBase.java:110)
at java.util.ArrayList.forEach(ArrayList.java:1249)
... Removed 32 stack frames]]>
    </failure>
  </testcase> <!-- @AfterMethod tearDown -->
  <testcase name="@BeforeMethod setUp" time="2.665" classname="com.crm.qa.TestCases.HomePageTest">
    <failure type="org.openqa.selenium.SessionNotCreatedException" message="session not created: This version of ChromeDriver only supports Chrome version 102
Current browser version is 101.0.4951.54 with binary path C:\Program Files (x86)\Google\Chrome\Application\chrome.exe
Build info: version: &amp;apos;3.14.0&amp;apos;, revision: &amp;apos;aacccce0&amp;apos;, time: &amp;apos;2018-08-02T20:19:58.91Z&amp;apos;
System info: host: &amp;apos;LAPTOP-8ONRQ0OO&amp;apos;, ip: &amp;apos;192.168.1.7&amp;apos;, os.name: &amp;apos;Windows 10&amp;apos;, os.arch: &amp;apos;amd64&amp;apos;, os.version: &amp;apos;10.0&amp;apos;, java.version: &amp;apos;1.8.0_111&amp;apos;
Driver info: driver.version: ChromeDriver
remote stacktrace: Backtrace:
	Ordinal0 [0x01092733+2434867]
	Ordinal0 [0x010207A1+1968033]
	Ordinal0 [0x00F0C678+837240]
	Ordinal0 [0x00F2CAC3+969411]
	Ordinal0 [0x00F286DA+952026]
	Ordinal0 [0x00F25F91+941969]
	Ordinal0 [0x00F590B0+1151152]
	Ordinal0 [0x00F58D0A+1150218]
	Ordinal0 [0x00F54256+1131094]
	Ordinal0 [0x00F2E840+976960]
	Ordinal0 [0x00F2F736+980790]
	GetHandleVerifier [0x01303C72+2515426]
	GetHandleVerifier [0x012F702F+2463135]
	GetHandleVerifier [0x0113522A+620442]
	GetHandleVerifier [0x01134016+615814]
	Ordinal0 [0x0102707B+1994875]
	Ordinal0 [0x0102B938+2013496]
	Ordinal0 [0x0102BA25+2013733]
	Ordinal0 [0x01034DE1+2051553]
	BaseThreadInitThunk [0x7770FA29+25]
	RtlGetAppContainerNamedObjectPath [0x77857A7E+286]
	RtlGetAppContainerNamedObjectPath [0x77857A4E+238]
">
      <![CDATA[org.openqa.selenium.SessionNotCreatedException: session not created: This version of ChromeDriver only supports Chrome version 102
Current browser version is 101.0.4951.54 with binary path C:\Program Files (x86)\Google\Chrome\Application\chrome.exe
Build info: version: '3.14.0', revision: 'aacccce0', time: '2018-08-02T20:19:58.91Z'
System info: host: 'LAPTOP-8ONRQ0OO', ip: '192.168.1.7', os.name: 'Windows 10', os.arch: 'amd64', os.version: '10.0', java.version: '1.8.0_111'
Driver info: driver.version: ChromeDriver
remote stacktrace: Backtrace:
Ordinal0 [0x01092733+2434867]
Ordinal0 [0x010207A1+1968033]
Ordinal0 [0x00F0C678+837240]
Ordinal0 [0x00F2CAC3+969411]
Ordinal0 [0x00F286DA+952026]
Ordinal0 [0x00F25F91+941969]
Ordinal0 [0x00F590B0+1151152]
Ordinal0 [0x00F58D0A+1150218]
Ordinal0 [0x00F54256+1131094]
Ordinal0 [0x00F2E840+976960]
Ordinal0 [0x00F2F736+980790]
GetHandleVerifier [0x01303C72+2515426]
GetHandleVerifier [0x012F702F+2463135]
GetHandleVerifier [0x0113522A+620442]
GetHandleVerifier [0x01134016+615814]
Ordinal0 [0x0102707B+1994875]
Ordinal0 [0x0102B938+2013496]
Ordinal0 [0x0102BA25+2013733]
Ordinal0 [0x01034DE1+2051553]
BaseThreadInitThunk [0x7770FA29+25]
RtlGetAppContainerNamedObjectPath [0x77857A7E+286]
RtlGetAppContainerNamedObjectPath [0x77857A4E+238]

at org.openqa.selenium.remote.W3CHandshakeResponse.lambda$new$0(W3CHandshakeResponse.java:57)
at org.openqa.selenium.remote.W3CHandshakeResponse.lambda$getResponseFunction$2(W3CHandshakeResponse.java:104)
at org.openqa.selenium.remote.ProtocolHandshake.lambda$createSession$0(ProtocolHandshake.java:122)
at java.util.stream.ReferencePipeline$3$1.accept(ReferencePipeline.java:193)
at java.util.Spliterators$ArraySpliterator.tryAdvance(Spliterators.java:958)
at java.util.stream.ReferencePipeline.forEachWithCancel(ReferencePipeline.java:126)
at java.util.stream.AbstractPipeline.copyIntoWithCancel(AbstractPipeline.java:498)
at java.util.stream.AbstractPipeline.copyInto(AbstractPipeline.java:485)
at java.util.stream.AbstractPipeline.wrapAndCopyInto(AbstractPipeline.java:471)
at java.util.stream.FindOps$FindOp.evaluateSequential(FindOps.java:152)
at java.util.stream.AbstractPipeline.evaluate(AbstractPipeline.java:234)
at java.util.stream.ReferencePipeline.findFirst(ReferencePipeline.java:464)
at org.openqa.selenium.remote.ProtocolHandshake.createSession(ProtocolHandshake.java:125)
at org.openqa.selenium.remote.ProtocolHandshake.createSession(ProtocolHandshake.java:73)
at org.openqa.selenium.remote.HttpCommandExecutor.execute(HttpCommandExecutor.java:136)
at org.openqa.selenium.remote.service.DriverCommandExecutor.execute(DriverCommandExecutor.java:83)
at org.openqa.selenium.remote.RemoteWebDriver.execute(RemoteWebDriver.java:548)
at org.openqa.selenium.remote.RemoteWebDriver.startSession(RemoteWebDriver.java:212)
at org.openqa.selenium.remote.RemoteWebDriver.<init>(RemoteWebDriver.java:130)
at org.openqa.selenium.chrome.ChromeDriver.<init>(ChromeDriver.java:181)
at org.openqa.selenium.chrome.ChromeDriver.<init>(ChromeDriver.java:168)
at org.openqa.selenium.chrome.ChromeDriver.<init>(ChromeDriver.java:157)
at com.crm.qa.BaseClass.TestBase.initialization(TestBase.java:70)
at com.crm.qa.TestCases.HomePageTest.setUp(HomePageTest.java:31)
at java.util.ArrayList.forEach(ArrayList.java:1249)
... Removed 35 stack frames]]>
    </failure>
  </testcase> <!-- @BeforeMethod setUp -->
  <testcase name="@AfterMethod tearDown" time="0.0" classname="com.crm.qa.BaseClass.TestBase">
    <failure type="java.lang.NullPointerException">
      <![CDATA[java.lang.NullPointerException
at com.crm.qa.BaseClass.TestBase.tearDown(TestBase.java:110)
at java.util.ArrayList.forEach(ArrayList.java:1249)
... Removed 32 stack frames]]>
    </failure>
  </testcase> <!-- @AfterMethod tearDown -->
  <testcase name="@BeforeMethod setUp" time="2.654" classname="com.crm.qa.TestCases.ContactsPageTest">
    <failure type="org.openqa.selenium.SessionNotCreatedException" message="session not created: This version of ChromeDriver only supports Chrome version 102
Current browser version is 101.0.4951.54 with binary path C:\Program Files (x86)\Google\Chrome\Application\chrome.exe
Build info: version: &amp;apos;3.14.0&amp;apos;, revision: &amp;apos;aacccce0&amp;apos;, time: &amp;apos;2018-08-02T20:19:58.91Z&amp;apos;
System info: host: &amp;apos;LAPTOP-8ONRQ0OO&amp;apos;, ip: &amp;apos;192.168.1.7&amp;apos;, os.name: &amp;apos;Windows 10&amp;apos;, os.arch: &amp;apos;amd64&amp;apos;, os.version: &amp;apos;10.0&amp;apos;, java.version: &amp;apos;1.8.0_111&amp;apos;
Driver info: driver.version: ChromeDriver
remote stacktrace: Backtrace:
	Ordinal0 [0x01092733+2434867]
	Ordinal0 [0x010207A1+1968033]
	Ordinal0 [0x00F0C678+837240]
	Ordinal0 [0x00F2CAC3+969411]
	Ordinal0 [0x00F286DA+952026]
	Ordinal0 [0x00F25F91+941969]
	Ordinal0 [0x00F590B0+1151152]
	Ordinal0 [0x00F58D0A+1150218]
	Ordinal0 [0x00F54256+1131094]
	Ordinal0 [0x00F2E840+976960]
	Ordinal0 [0x00F2F736+980790]
	GetHandleVerifier [0x01303C72+2515426]
	GetHandleVerifier [0x012F702F+2463135]
	GetHandleVerifier [0x0113522A+620442]
	GetHandleVerifier [0x01134016+615814]
	Ordinal0 [0x0102707B+1994875]
	Ordinal0 [0x0102B938+2013496]
	Ordinal0 [0x0102BA25+2013733]
	Ordinal0 [0x01034DE1+2051553]
	BaseThreadInitThunk [0x7770FA29+25]
	RtlGetAppContainerNamedObjectPath [0x77857A7E+286]
	RtlGetAppContainerNamedObjectPath [0x77857A4E+238]
">
      <![CDATA[org.openqa.selenium.SessionNotCreatedException: session not created: This version of ChromeDriver only supports Chrome version 102
Current browser version is 101.0.4951.54 with binary path C:\Program Files (x86)\Google\Chrome\Application\chrome.exe
Build info: version: '3.14.0', revision: 'aacccce0', time: '2018-08-02T20:19:58.91Z'
System info: host: 'LAPTOP-8ONRQ0OO', ip: '192.168.1.7', os.name: 'Windows 10', os.arch: 'amd64', os.version: '10.0', java.version: '1.8.0_111'
Driver info: driver.version: ChromeDriver
remote stacktrace: Backtrace:
Ordinal0 [0x01092733+2434867]
Ordinal0 [0x010207A1+1968033]
Ordinal0 [0x00F0C678+837240]
Ordinal0 [0x00F2CAC3+969411]
Ordinal0 [0x00F286DA+952026]
Ordinal0 [0x00F25F91+941969]
Ordinal0 [0x00F590B0+1151152]
Ordinal0 [0x00F58D0A+1150218]
Ordinal0 [0x00F54256+1131094]
Ordinal0 [0x00F2E840+976960]
Ordinal0 [0x00F2F736+980790]
GetHandleVerifier [0x01303C72+2515426]
GetHandleVerifier [0x012F702F+2463135]
GetHandleVerifier [0x0113522A+620442]
GetHandleVerifier [0x01134016+615814]
Ordinal0 [0x0102707B+1994875]
Ordinal0 [0x0102B938+2013496]
Ordinal0 [0x0102BA25+2013733]
Ordinal0 [0x01034DE1+2051553]
BaseThreadInitThunk [0x7770FA29+25]
RtlGetAppContainerNamedObjectPath [0x77857A7E+286]
RtlGetAppContainerNamedObjectPath [0x77857A4E+238]

at org.openqa.selenium.remote.W3CHandshakeResponse.lambda$new$0(W3CHandshakeResponse.java:57)
at org.openqa.selenium.remote.W3CHandshakeResponse.lambda$getResponseFunction$2(W3CHandshakeResponse.java:104)
at org.openqa.selenium.remote.ProtocolHandshake.lambda$createSession$0(ProtocolHandshake.java:122)
at java.util.stream.ReferencePipeline$3$1.accept(ReferencePipeline.java:193)
at java.util.Spliterators$ArraySpliterator.tryAdvance(Spliterators.java:958)
at java.util.stream.ReferencePipeline.forEachWithCancel(ReferencePipeline.java:126)
at java.util.stream.AbstractPipeline.copyIntoWithCancel(AbstractPipeline.java:498)
at java.util.stream.AbstractPipeline.copyInto(AbstractPipeline.java:485)
at java.util.stream.AbstractPipeline.wrapAndCopyInto(AbstractPipeline.java:471)
at java.util.stream.FindOps$FindOp.evaluateSequential(FindOps.java:152)
at java.util.stream.AbstractPipeline.evaluate(AbstractPipeline.java:234)
at java.util.stream.ReferencePipeline.findFirst(ReferencePipeline.java:464)
at org.openqa.selenium.remote.ProtocolHandshake.createSession(ProtocolHandshake.java:125)
at org.openqa.selenium.remote.ProtocolHandshake.createSession(ProtocolHandshake.java:73)
at org.openqa.selenium.remote.HttpCommandExecutor.execute(HttpCommandExecutor.java:136)
at org.openqa.selenium.remote.service.DriverCommandExecutor.execute(DriverCommandExecutor.java:83)
at org.openqa.selenium.remote.RemoteWebDriver.execute(RemoteWebDriver.java:548)
at org.openqa.selenium.remote.RemoteWebDriver.startSession(RemoteWebDriver.java:212)
at org.openqa.selenium.remote.RemoteWebDriver.<init>(RemoteWebDriver.java:130)
at org.openqa.selenium.chrome.ChromeDriver.<init>(ChromeDriver.java:181)
at org.openqa.selenium.chrome.ChromeDriver.<init>(ChromeDriver.java:168)
at org.openqa.selenium.chrome.ChromeDriver.<init>(ChromeDriver.java:157)
at com.crm.qa.BaseClass.TestBase.initialization(TestBase.java:70)
at com.crm.qa.TestCases.ContactsPageTest.setUp(ContactsPageTest.java:33)
at java.util.ArrayList.forEach(ArrayList.java:1249)
... Removed 35 stack frames]]>
    </failure>
  </testcase> <!-- @BeforeMethod setUp -->
  <testcase name="@AfterMethod tearDown" time="0.0" classname="com.crm.qa.BaseClass.TestBase">
    <failure type="java.lang.NullPointerException">
      <![CDATA[java.lang.NullPointerException
at com.crm.qa.BaseClass.TestBase.tearDown(TestBase.java:110)
at java.util.ArrayList.forEach(ArrayList.java:1249)
... Removed 32 stack frames]]>
    </failure>
  </testcase> <!-- @AfterMethod tearDown -->
  <testcase name="@BeforeMethod setUp" time="2.438" classname="com.crm.qa.TestCases.ContactsPageTest">
    <failure type="org.openqa.selenium.SessionNotCreatedException" message="session not created: This version of ChromeDriver only supports Chrome version 102
Current browser version is 101.0.4951.54 with binary path C:\Program Files (x86)\Google\Chrome\Application\chrome.exe
Build info: version: &amp;apos;3.14.0&amp;apos;, revision: &amp;apos;aacccce0&amp;apos;, time: &amp;apos;2018-08-02T20:19:58.91Z&amp;apos;
System info: host: &amp;apos;LAPTOP-8ONRQ0OO&amp;apos;, ip: &amp;apos;192.168.1.7&amp;apos;, os.name: &amp;apos;Windows 10&amp;apos;, os.arch: &amp;apos;amd64&amp;apos;, os.version: &amp;apos;10.0&amp;apos;, java.version: &amp;apos;1.8.0_111&amp;apos;
Driver info: driver.version: ChromeDriver
remote stacktrace: Backtrace:
	Ordinal0 [0x01092733+2434867]
	Ordinal0 [0x010207A1+1968033]
	Ordinal0 [0x00F0C678+837240]
	Ordinal0 [0x00F2CAC3+969411]
	Ordinal0 [0x00F286DA+952026]
	Ordinal0 [0x00F25F91+941969]
	Ordinal0 [0x00F590B0+1151152]
	Ordinal0 [0x00F58D0A+1150218]
	Ordinal0 [0x00F54256+1131094]
	Ordinal0 [0x00F2E840+976960]
	Ordinal0 [0x00F2F736+980790]
	GetHandleVerifier [0x01303C72+2515426]
	GetHandleVerifier [0x012F702F+2463135]
	GetHandleVerifier [0x0113522A+620442]
	GetHandleVerifier [0x01134016+615814]
	Ordinal0 [0x0102707B+1994875]
	Ordinal0 [0x0102B938+2013496]
	Ordinal0 [0x0102BA25+2013733]
	Ordinal0 [0x01034DE1+2051553]
	BaseThreadInitThunk [0x7770FA29+25]
	RtlGetAppContainerNamedObjectPath [0x77857A7E+286]
	RtlGetAppContainerNamedObjectPath [0x77857A4E+238]
">
      <![CDATA[org.openqa.selenium.SessionNotCreatedException: session not created: This version of ChromeDriver only supports Chrome version 102
Current browser version is 101.0.4951.54 with binary path C:\Program Files (x86)\Google\Chrome\Application\chrome.exe
Build info: version: '3.14.0', revision: 'aacccce0', time: '2018-08-02T20:19:58.91Z'
System info: host: 'LAPTOP-8ONRQ0OO', ip: '192.168.1.7', os.name: 'Windows 10', os.arch: 'amd64', os.version: '10.0', java.version: '1.8.0_111'
Driver info: driver.version: ChromeDriver
remote stacktrace: Backtrace:
Ordinal0 [0x01092733+2434867]
Ordinal0 [0x010207A1+1968033]
Ordinal0 [0x00F0C678+837240]
Ordinal0 [0x00F2CAC3+969411]
Ordinal0 [0x00F286DA+952026]
Ordinal0 [0x00F25F91+941969]
Ordinal0 [0x00F590B0+1151152]
Ordinal0 [0x00F58D0A+1150218]
Ordinal0 [0x00F54256+1131094]
Ordinal0 [0x00F2E840+976960]
Ordinal0 [0x00F2F736+980790]
GetHandleVerifier [0x01303C72+2515426]
GetHandleVerifier [0x012F702F+2463135]
GetHandleVerifier [0x0113522A+620442]
GetHandleVerifier [0x01134016+615814]
Ordinal0 [0x0102707B+1994875]
Ordinal0 [0x0102B938+2013496]
Ordinal0 [0x0102BA25+2013733]
Ordinal0 [0x01034DE1+2051553]
BaseThreadInitThunk [0x7770FA29+25]
RtlGetAppContainerNamedObjectPath [0x77857A7E+286]
RtlGetAppContainerNamedObjectPath [0x77857A4E+238]

at org.openqa.selenium.remote.W3CHandshakeResponse.lambda$new$0(W3CHandshakeResponse.java:57)
at org.openqa.selenium.remote.W3CHandshakeResponse.lambda$getResponseFunction$2(W3CHandshakeResponse.java:104)
at org.openqa.selenium.remote.ProtocolHandshake.lambda$createSession$0(ProtocolHandshake.java:122)
at java.util.stream.ReferencePipeline$3$1.accept(ReferencePipeline.java:193)
at java.util.Spliterators$ArraySpliterator.tryAdvance(Spliterators.java:958)
at java.util.stream.ReferencePipeline.forEachWithCancel(ReferencePipeline.java:126)
at java.util.stream.AbstractPipeline.copyIntoWithCancel(AbstractPipeline.java:498)
at java.util.stream.AbstractPipeline.copyInto(AbstractPipeline.java:485)
at java.util.stream.AbstractPipeline.wrapAndCopyInto(AbstractPipeline.java:471)
at java.util.stream.FindOps$FindOp.evaluateSequential(FindOps.java:152)
at java.util.stream.AbstractPipeline.evaluate(AbstractPipeline.java:234)
at java.util.stream.ReferencePipeline.findFirst(ReferencePipeline.java:464)
at org.openqa.selenium.remote.ProtocolHandshake.createSession(ProtocolHandshake.java:125)
at org.openqa.selenium.remote.ProtocolHandshake.createSession(ProtocolHandshake.java:73)
at org.openqa.selenium.remote.HttpCommandExecutor.execute(HttpCommandExecutor.java:136)
at org.openqa.selenium.remote.service.DriverCommandExecutor.execute(DriverCommandExecutor.java:83)
at org.openqa.selenium.remote.RemoteWebDriver.execute(RemoteWebDriver.java:548)
at org.openqa.selenium.remote.RemoteWebDriver.startSession(RemoteWebDriver.java:212)
at org.openqa.selenium.remote.RemoteWebDriver.<init>(RemoteWebDriver.java:130)
at org.openqa.selenium.chrome.ChromeDriver.<init>(ChromeDriver.java:181)
at org.openqa.selenium.chrome.ChromeDriver.<init>(ChromeDriver.java:168)
at org.openqa.selenium.chrome.ChromeDriver.<init>(ChromeDriver.java:157)
at com.crm.qa.BaseClass.TestBase.initialization(TestBase.java:70)
at com.crm.qa.TestCases.ContactsPageTest.setUp(ContactsPageTest.java:33)
at java.util.ArrayList.forEach(ArrayList.java:1249)
... Removed 35 stack frames]]>
    </failure>
  </testcase> <!-- @BeforeMethod setUp -->
  <testcase name="@AfterMethod tearDown" time="0.0" classname="com.crm.qa.BaseClass.TestBase">
    <failure type="java.lang.NullPointerException">
      <![CDATA[java.lang.NullPointerException
at com.crm.qa.BaseClass.TestBase.tearDown(TestBase.java:110)
at java.util.ArrayList.forEach(ArrayList.java:1249)
... Removed 32 stack frames]]>
    </failure>
  </testcase> <!-- @AfterMethod tearDown -->
  <testcase name="@BeforeMethod setUp" time="3.069" classname="com.crm.qa.TestCases.ContactsPageTest">
    <failure type="org.openqa.selenium.SessionNotCreatedException" message="session not created: This version of ChromeDriver only supports Chrome version 102
Current browser version is 101.0.4951.54 with binary path C:\Program Files (x86)\Google\Chrome\Application\chrome.exe
Build info: version: &amp;apos;3.14.0&amp;apos;, revision: &amp;apos;aacccce0&amp;apos;, time: &amp;apos;2018-08-02T20:19:58.91Z&amp;apos;
System info: host: &amp;apos;LAPTOP-8ONRQ0OO&amp;apos;, ip: &amp;apos;192.168.1.7&amp;apos;, os.name: &amp;apos;Windows 10&amp;apos;, os.arch: &amp;apos;amd64&amp;apos;, os.version: &amp;apos;10.0&amp;apos;, java.version: &amp;apos;1.8.0_111&amp;apos;
Driver info: driver.version: ChromeDriver
remote stacktrace: Backtrace:
	Ordinal0 [0x01092733+2434867]
	Ordinal0 [0x010207A1+1968033]
	Ordinal0 [0x00F0C678+837240]
	Ordinal0 [0x00F2CAC3+969411]
	Ordinal0 [0x00F286DA+952026]
	Ordinal0 [0x00F25F91+941969]
	Ordinal0 [0x00F590B0+1151152]
	Ordinal0 [0x00F58D0A+1150218]
	Ordinal0 [0x00F54256+1131094]
	Ordinal0 [0x00F2E840+976960]
	Ordinal0 [0x00F2F736+980790]
	GetHandleVerifier [0x01303C72+2515426]
	GetHandleVerifier [0x012F702F+2463135]
	GetHandleVerifier [0x0113522A+620442]
	GetHandleVerifier [0x01134016+615814]
	Ordinal0 [0x0102707B+1994875]
	Ordinal0 [0x0102B938+2013496]
	Ordinal0 [0x0102BA25+2013733]
	Ordinal0 [0x01034DE1+2051553]
	BaseThreadInitThunk [0x7770FA29+25]
	RtlGetAppContainerNamedObjectPath [0x77857A7E+286]
	RtlGetAppContainerNamedObjectPath [0x77857A4E+238]
">
      <![CDATA[org.openqa.selenium.SessionNotCreatedException: session not created: This version of ChromeDriver only supports Chrome version 102
Current browser version is 101.0.4951.54 with binary path C:\Program Files (x86)\Google\Chrome\Application\chrome.exe
Build info: version: '3.14.0', revision: 'aacccce0', time: '2018-08-02T20:19:58.91Z'
System info: host: 'LAPTOP-8ONRQ0OO', ip: '192.168.1.7', os.name: 'Windows 10', os.arch: 'amd64', os.version: '10.0', java.version: '1.8.0_111'
Driver info: driver.version: ChromeDriver
remote stacktrace: Backtrace:
Ordinal0 [0x01092733+2434867]
Ordinal0 [0x010207A1+1968033]
Ordinal0 [0x00F0C678+837240]
Ordinal0 [0x00F2CAC3+969411]
Ordinal0 [0x00F286DA+952026]
Ordinal0 [0x00F25F91+941969]
Ordinal0 [0x00F590B0+1151152]
Ordinal0 [0x00F58D0A+1150218]
Ordinal0 [0x00F54256+1131094]
Ordinal0 [0x00F2E840+976960]
Ordinal0 [0x00F2F736+980790]
GetHandleVerifier [0x01303C72+2515426]
GetHandleVerifier [0x012F702F+2463135]
GetHandleVerifier [0x0113522A+620442]
GetHandleVerifier [0x01134016+615814]
Ordinal0 [0x0102707B+1994875]
Ordinal0 [0x0102B938+2013496]
Ordinal0 [0x0102BA25+2013733]
Ordinal0 [0x01034DE1+2051553]
BaseThreadInitThunk [0x7770FA29+25]
RtlGetAppContainerNamedObjectPath [0x77857A7E+286]
RtlGetAppContainerNamedObjectPath [0x77857A4E+238]

at org.openqa.selenium.remote.W3CHandshakeResponse.lambda$new$0(W3CHandshakeResponse.java:57)
at org.openqa.selenium.remote.W3CHandshakeResponse.lambda$getResponseFunction$2(W3CHandshakeResponse.java:104)
at org.openqa.selenium.remote.ProtocolHandshake.lambda$createSession$0(ProtocolHandshake.java:122)
at java.util.stream.ReferencePipeline$3$1.accept(ReferencePipeline.java:193)
at java.util.Spliterators$ArraySpliterator.tryAdvance(Spliterators.java:958)
at java.util.stream.ReferencePipeline.forEachWithCancel(ReferencePipeline.java:126)
at java.util.stream.AbstractPipeline.copyIntoWithCancel(AbstractPipeline.java:498)
at java.util.stream.AbstractPipeline.copyInto(AbstractPipeline.java:485)
at java.util.stream.AbstractPipeline.wrapAndCopyInto(AbstractPipeline.java:471)
at java.util.stream.FindOps$FindOp.evaluateSequential(FindOps.java:152)
at java.util.stream.AbstractPipeline.evaluate(AbstractPipeline.java:234)
at java.util.stream.ReferencePipeline.findFirst(ReferencePipeline.java:464)
at org.openqa.selenium.remote.ProtocolHandshake.createSession(ProtocolHandshake.java:125)
at org.openqa.selenium.remote.ProtocolHandshake.createSession(ProtocolHandshake.java:73)
at org.openqa.selenium.remote.HttpCommandExecutor.execute(HttpCommandExecutor.java:136)
at org.openqa.selenium.remote.service.DriverCommandExecutor.execute(DriverCommandExecutor.java:83)
at org.openqa.selenium.remote.RemoteWebDriver.execute(RemoteWebDriver.java:548)
at org.openqa.selenium.remote.RemoteWebDriver.startSession(RemoteWebDriver.java:212)
at org.openqa.selenium.remote.RemoteWebDriver.<init>(RemoteWebDriver.java:130)
at org.openqa.selenium.chrome.ChromeDriver.<init>(ChromeDriver.java:181)
at org.openqa.selenium.chrome.ChromeDriver.<init>(ChromeDriver.java:168)
at org.openqa.selenium.chrome.ChromeDriver.<init>(ChromeDriver.java:157)
at com.crm.qa.BaseClass.TestBase.initialization(TestBase.java:70)
at com.crm.qa.TestCases.ContactsPageTest.setUp(ContactsPageTest.java:33)
at java.util.ArrayList.forEach(ArrayList.java:1249)
... Removed 35 stack frames]]>
    </failure>
  </testcase> <!-- @BeforeMethod setUp -->
  <testcase name="@AfterMethod tearDown" time="0.0" classname="com.crm.qa.BaseClass.TestBase">
    <failure type="java.lang.NullPointerException">
      <![CDATA[java.lang.NullPointerException
at com.crm.qa.BaseClass.TestBase.tearDown(TestBase.java:110)
at java.util.ArrayList.forEach(ArrayList.java:1249)
... Removed 32 stack frames]]>
    </failure>
  </testcase> <!-- @AfterMethod tearDown -->
  <testcase name="@BeforeMethod setUp" time="2.66" classname="com.crm.qa.TestCases.ContactsPageTest">
    <failure type="org.openqa.selenium.SessionNotCreatedException" message="session not created: This version of ChromeDriver only supports Chrome version 102
Current browser version is 101.0.4951.54 with binary path C:\Program Files (x86)\Google\Chrome\Application\chrome.exe
Build info: version: &amp;apos;3.14.0&amp;apos;, revision: &amp;apos;aacccce0&amp;apos;, time: &amp;apos;2018-08-02T20:19:58.91Z&amp;apos;
System info: host: &amp;apos;LAPTOP-8ONRQ0OO&amp;apos;, ip: &amp;apos;192.168.1.7&amp;apos;, os.name: &amp;apos;Windows 10&amp;apos;, os.arch: &amp;apos;amd64&amp;apos;, os.version: &amp;apos;10.0&amp;apos;, java.version: &amp;apos;1.8.0_111&amp;apos;
Driver info: driver.version: ChromeDriver
remote stacktrace: Backtrace:
	Ordinal0 [0x01092733+2434867]
	Ordinal0 [0x010207A1+1968033]
	Ordinal0 [0x00F0C678+837240]
	Ordinal0 [0x00F2CAC3+969411]
	Ordinal0 [0x00F286DA+952026]
	Ordinal0 [0x00F25F91+941969]
	Ordinal0 [0x00F590B0+1151152]
	Ordinal0 [0x00F58D0A+1150218]
	Ordinal0 [0x00F54256+1131094]
	Ordinal0 [0x00F2E840+976960]
	Ordinal0 [0x00F2F736+980790]
	GetHandleVerifier [0x01303C72+2515426]
	GetHandleVerifier [0x012F702F+2463135]
	GetHandleVerifier [0x0113522A+620442]
	GetHandleVerifier [0x01134016+615814]
	Ordinal0 [0x0102707B+1994875]
	Ordinal0 [0x0102B938+2013496]
	Ordinal0 [0x0102BA25+2013733]
	Ordinal0 [0x01034DE1+2051553]
	BaseThreadInitThunk [0x7770FA29+25]
	RtlGetAppContainerNamedObjectPath [0x77857A7E+286]
	RtlGetAppContainerNamedObjectPath [0x77857A4E+238]
">
      <![CDATA[org.openqa.selenium.SessionNotCreatedException: session not created: This version of ChromeDriver only supports Chrome version 102
Current browser version is 101.0.4951.54 with binary path C:\Program Files (x86)\Google\Chrome\Application\chrome.exe
Build info: version: '3.14.0', revision: 'aacccce0', time: '2018-08-02T20:19:58.91Z'
System info: host: 'LAPTOP-8ONRQ0OO', ip: '192.168.1.7', os.name: 'Windows 10', os.arch: 'amd64', os.version: '10.0', java.version: '1.8.0_111'
Driver info: driver.version: ChromeDriver
remote stacktrace: Backtrace:
Ordinal0 [0x01092733+2434867]
Ordinal0 [0x010207A1+1968033]
Ordinal0 [0x00F0C678+837240]
Ordinal0 [0x00F2CAC3+969411]
Ordinal0 [0x00F286DA+952026]
Ordinal0 [0x00F25F91+941969]
Ordinal0 [0x00F590B0+1151152]
Ordinal0 [0x00F58D0A+1150218]
Ordinal0 [0x00F54256+1131094]
Ordinal0 [0x00F2E840+976960]
Ordinal0 [0x00F2F736+980790]
GetHandleVerifier [0x01303C72+2515426]
GetHandleVerifier [0x012F702F+2463135]
GetHandleVerifier [0x0113522A+620442]
GetHandleVerifier [0x01134016+615814]
Ordinal0 [0x0102707B+1994875]
Ordinal0 [0x0102B938+2013496]
Ordinal0 [0x0102BA25+2013733]
Ordinal0 [0x01034DE1+2051553]
BaseThreadInitThunk [0x7770FA29+25]
RtlGetAppContainerNamedObjectPath [0x77857A7E+286]
RtlGetAppContainerNamedObjectPath [0x77857A4E+238]

at org.openqa.selenium.remote.W3CHandshakeResponse.lambda$new$0(W3CHandshakeResponse.java:57)
at org.openqa.selenium.remote.W3CHandshakeResponse.lambda$getResponseFunction$2(W3CHandshakeResponse.java:104)
at org.openqa.selenium.remote.ProtocolHandshake.lambda$createSession$0(ProtocolHandshake.java:122)
at java.util.stream.ReferencePipeline$3$1.accept(ReferencePipeline.java:193)
at java.util.Spliterators$ArraySpliterator.tryAdvance(Spliterators.java:958)
at java.util.stream.ReferencePipeline.forEachWithCancel(ReferencePipeline.java:126)
at java.util.stream.AbstractPipeline.copyIntoWithCancel(AbstractPipeline.java:498)
at java.util.stream.AbstractPipeline.copyInto(AbstractPipeline.java:485)
at java.util.stream.AbstractPipeline.wrapAndCopyInto(AbstractPipeline.java:471)
at java.util.stream.FindOps$FindOp.evaluateSequential(FindOps.java:152)
at java.util.stream.AbstractPipeline.evaluate(AbstractPipeline.java:234)
at java.util.stream.ReferencePipeline.findFirst(ReferencePipeline.java:464)
at org.openqa.selenium.remote.ProtocolHandshake.createSession(ProtocolHandshake.java:125)
at org.openqa.selenium.remote.ProtocolHandshake.createSession(ProtocolHandshake.java:73)
at org.openqa.selenium.remote.HttpCommandExecutor.execute(HttpCommandExecutor.java:136)
at org.openqa.selenium.remote.service.DriverCommandExecutor.execute(DriverCommandExecutor.java:83)
at org.openqa.selenium.remote.RemoteWebDriver.execute(RemoteWebDriver.java:548)
at org.openqa.selenium.remote.RemoteWebDriver.startSession(RemoteWebDriver.java:212)
at org.openqa.selenium.remote.RemoteWebDriver.<init>(RemoteWebDriver.java:130)
at org.openqa.selenium.chrome.ChromeDriver.<init>(ChromeDriver.java:181)
at org.openqa.selenium.chrome.ChromeDriver.<init>(ChromeDriver.java:168)
at org.openqa.selenium.chrome.ChromeDriver.<init>(ChromeDriver.java:157)
at com.crm.qa.BaseClass.TestBase.initialization(TestBase.java:70)
at com.crm.qa.TestCases.ContactsPageTest.setUp(ContactsPageTest.java:33)
at java.util.ArrayList.forEach(ArrayList.java:1249)
... Removed 35 stack frames]]>
    </failure>
  </testcase> <!-- @BeforeMethod setUp -->
  <testcase name="@AfterMethod tearDown" time="0.0" classname="com.crm.qa.BaseClass.TestBase">
    <failure type="java.lang.NullPointerException">
      <![CDATA[java.lang.NullPointerException
at com.crm.qa.BaseClass.TestBase.tearDown(TestBase.java:110)
at java.util.ArrayList.forEach(ArrayList.java:1249)
... Removed 32 stack frames]]>
    </failure>
  </testcase> <!-- @AfterMethod tearDown -->
  <testcase name="@BeforeMethod setUp" time="1.77" classname="com.crm.qa.TestCases.ContactsPageTest">
    <failure type="org.openqa.selenium.SessionNotCreatedException" message="session not created: This version of ChromeDriver only supports Chrome version 102
Current browser version is 101.0.4951.54 with binary path C:\Program Files (x86)\Google\Chrome\Application\chrome.exe
Build info: version: &amp;apos;3.14.0&amp;apos;, revision: &amp;apos;aacccce0&amp;apos;, time: &amp;apos;2018-08-02T20:19:58.91Z&amp;apos;
System info: host: &amp;apos;LAPTOP-8ONRQ0OO&amp;apos;, ip: &amp;apos;192.168.1.7&amp;apos;, os.name: &amp;apos;Windows 10&amp;apos;, os.arch: &amp;apos;amd64&amp;apos;, os.version: &amp;apos;10.0&amp;apos;, java.version: &amp;apos;1.8.0_111&amp;apos;
Driver info: driver.version: ChromeDriver
remote stacktrace: Backtrace:
	Ordinal0 [0x01092733+2434867]
	Ordinal0 [0x010207A1+1968033]
	Ordinal0 [0x00F0C678+837240]
	Ordinal0 [0x00F2CAC3+969411]
	Ordinal0 [0x00F286DA+952026]
	Ordinal0 [0x00F25F91+941969]
	Ordinal0 [0x00F590B0+1151152]
	Ordinal0 [0x00F58D0A+1150218]
	Ordinal0 [0x00F54256+1131094]
	Ordinal0 [0x00F2E840+976960]
	Ordinal0 [0x00F2F736+980790]
	GetHandleVerifier [0x01303C72+2515426]
	GetHandleVerifier [0x012F702F+2463135]
	GetHandleVerifier [0x0113522A+620442]
	GetHandleVerifier [0x01134016+615814]
	Ordinal0 [0x0102707B+1994875]
	Ordinal0 [0x0102B938+2013496]
	Ordinal0 [0x0102BA25+2013733]
	Ordinal0 [0x01034DE1+2051553]
	BaseThreadInitThunk [0x7770FA29+25]
	RtlGetAppContainerNamedObjectPath [0x77857A7E+286]
	RtlGetAppContainerNamedObjectPath [0x77857A4E+238]
">
      <![CDATA[org.openqa.selenium.SessionNotCreatedException: session not created: This version of ChromeDriver only supports Chrome version 102
Current browser version is 101.0.4951.54 with binary path C:\Program Files (x86)\Google\Chrome\Application\chrome.exe
Build info: version: '3.14.0', revision: 'aacccce0', time: '2018-08-02T20:19:58.91Z'
System info: host: 'LAPTOP-8ONRQ0OO', ip: '192.168.1.7', os.name: 'Windows 10', os.arch: 'amd64', os.version: '10.0', java.version: '1.8.0_111'
Driver info: driver.version: ChromeDriver
remote stacktrace: Backtrace:
Ordinal0 [0x01092733+2434867]
Ordinal0 [0x010207A1+1968033]
Ordinal0 [0x00F0C678+837240]
Ordinal0 [0x00F2CAC3+969411]
Ordinal0 [0x00F286DA+952026]
Ordinal0 [0x00F25F91+941969]
Ordinal0 [0x00F590B0+1151152]
Ordinal0 [0x00F58D0A+1150218]
Ordinal0 [0x00F54256+1131094]
Ordinal0 [0x00F2E840+976960]
Ordinal0 [0x00F2F736+980790]
GetHandleVerifier [0x01303C72+2515426]
GetHandleVerifier [0x012F702F+2463135]
GetHandleVerifier [0x0113522A+620442]
GetHandleVerifier [0x01134016+615814]
Ordinal0 [0x0102707B+1994875]
Ordinal0 [0x0102B938+2013496]
Ordinal0 [0x0102BA25+2013733]
Ordinal0 [0x01034DE1+2051553]
BaseThreadInitThunk [0x7770FA29+25]
RtlGetAppContainerNamedObjectPath [0x77857A7E+286]
RtlGetAppContainerNamedObjectPath [0x77857A4E+238]

at org.openqa.selenium.remote.W3CHandshakeResponse.lambda$new$0(W3CHandshakeResponse.java:57)
at org.openqa.selenium.remote.W3CHandshakeResponse.lambda$getResponseFunction$2(W3CHandshakeResponse.java:104)
at org.openqa.selenium.remote.ProtocolHandshake.lambda$createSession$0(ProtocolHandshake.java:122)
at java.util.stream.ReferencePipeline$3$1.accept(ReferencePipeline.java:193)
at java.util.Spliterators$ArraySpliterator.tryAdvance(Spliterators.java:958)
at java.util.stream.ReferencePipeline.forEachWithCancel(ReferencePipeline.java:126)
at java.util.stream.AbstractPipeline.copyIntoWithCancel(AbstractPipeline.java:498)
at java.util.stream.AbstractPipeline.copyInto(AbstractPipeline.java:485)
at java.util.stream.AbstractPipeline.wrapAndCopyInto(AbstractPipeline.java:471)
at java.util.stream.FindOps$FindOp.evaluateSequential(FindOps.java:152)
at java.util.stream.AbstractPipeline.evaluate(AbstractPipeline.java:234)
at java.util.stream.ReferencePipeline.findFirst(ReferencePipeline.java:464)
at org.openqa.selenium.remote.ProtocolHandshake.createSession(ProtocolHandshake.java:125)
at org.openqa.selenium.remote.ProtocolHandshake.createSession(ProtocolHandshake.java:73)
at org.openqa.selenium.remote.HttpCommandExecutor.execute(HttpCommandExecutor.java:136)
at org.openqa.selenium.remote.service.DriverCommandExecutor.execute(DriverCommandExecutor.java:83)
at org.openqa.selenium.remote.RemoteWebDriver.execute(RemoteWebDriver.java:548)
at org.openqa.selenium.remote.RemoteWebDriver.startSession(RemoteWebDriver.java:212)
at org.openqa.selenium.remote.RemoteWebDriver.<init>(RemoteWebDriver.java:130)
at org.openqa.selenium.chrome.ChromeDriver.<init>(ChromeDriver.java:181)
at org.openqa.selenium.chrome.ChromeDriver.<init>(ChromeDriver.java:168)
at org.openqa.selenium.chrome.ChromeDriver.<init>(ChromeDriver.java:157)
at com.crm.qa.BaseClass.TestBase.initialization(TestBase.java:70)
at com.crm.qa.TestCases.ContactsPageTest.setUp(ContactsPageTest.java:33)
at java.util.ArrayList.forEach(ArrayList.java:1249)
... Removed 35 stack frames]]>
    </failure>
  </testcase> <!-- @BeforeMethod setUp -->
  <testcase name="@AfterMethod tearDown" time="0.0" classname="com.crm.qa.BaseClass.TestBase">
    <failure type="java.lang.NullPointerException">
      <![CDATA[java.lang.NullPointerException
at com.crm.qa.BaseClass.TestBase.tearDown(TestBase.java:110)
at java.util.ArrayList.forEach(ArrayList.java:1249)
... Removed 32 stack frames]]>
    </failure>
  </testcase> <!-- @AfterMethod tearDown -->
  <testcase name="@BeforeMethod setUp" time="2.684" classname="com.crm.qa.TestCases.ContactsPageTest">
    <failure type="org.openqa.selenium.SessionNotCreatedException" message="session not created: This version of ChromeDriver only supports Chrome version 102
Current browser version is 101.0.4951.54 with binary path C:\Program Files (x86)\Google\Chrome\Application\chrome.exe
Build info: version: &amp;apos;3.14.0&amp;apos;, revision: &amp;apos;aacccce0&amp;apos;, time: &amp;apos;2018-08-02T20:19:58.91Z&amp;apos;
System info: host: &amp;apos;LAPTOP-8ONRQ0OO&amp;apos;, ip: &amp;apos;192.168.1.7&amp;apos;, os.name: &amp;apos;Windows 10&amp;apos;, os.arch: &amp;apos;amd64&amp;apos;, os.version: &amp;apos;10.0&amp;apos;, java.version: &amp;apos;1.8.0_111&amp;apos;
Driver info: driver.version: ChromeDriver
remote stacktrace: Backtrace:
	Ordinal0 [0x01092733+2434867]
	Ordinal0 [0x010207A1+1968033]
	Ordinal0 [0x00F0C678+837240]
	Ordinal0 [0x00F2CAC3+969411]
	Ordinal0 [0x00F286DA+952026]
	Ordinal0 [0x00F25F91+941969]
	Ordinal0 [0x00F590B0+1151152]
	Ordinal0 [0x00F58D0A+1150218]
	Ordinal0 [0x00F54256+1131094]
	Ordinal0 [0x00F2E840+976960]
	Ordinal0 [0x00F2F736+980790]
	GetHandleVerifier [0x01303C72+2515426]
	GetHandleVerifier [0x012F702F+2463135]
	GetHandleVerifier [0x0113522A+620442]
	GetHandleVerifier [0x01134016+615814]
	Ordinal0 [0x0102707B+1994875]
	Ordinal0 [0x0102B938+2013496]
	Ordinal0 [0x0102BA25+2013733]
	Ordinal0 [0x01034DE1+2051553]
	BaseThreadInitThunk [0x7770FA29+25]
	RtlGetAppContainerNamedObjectPath [0x77857A7E+286]
	RtlGetAppContainerNamedObjectPath [0x77857A4E+238]
">
      <![CDATA[org.openqa.selenium.SessionNotCreatedException: session not created: This version of ChromeDriver only supports Chrome version 102
Current browser version is 101.0.4951.54 with binary path C:\Program Files (x86)\Google\Chrome\Application\chrome.exe
Build info: version: '3.14.0', revision: 'aacccce0', time: '2018-08-02T20:19:58.91Z'
System info: host: 'LAPTOP-8ONRQ0OO', ip: '192.168.1.7', os.name: 'Windows 10', os.arch: 'amd64', os.version: '10.0', java.version: '1.8.0_111'
Driver info: driver.version: ChromeDriver
remote stacktrace: Backtrace:
Ordinal0 [0x01092733+2434867]
Ordinal0 [0x010207A1+1968033]
Ordinal0 [0x00F0C678+837240]
Ordinal0 [0x00F2CAC3+969411]
Ordinal0 [0x00F286DA+952026]
Ordinal0 [0x00F25F91+941969]
Ordinal0 [0x00F590B0+1151152]
Ordinal0 [0x00F58D0A+1150218]
Ordinal0 [0x00F54256+1131094]
Ordinal0 [0x00F2E840+976960]
Ordinal0 [0x00F2F736+980790]
GetHandleVerifier [0x01303C72+2515426]
GetHandleVerifier [0x012F702F+2463135]
GetHandleVerifier [0x0113522A+620442]
GetHandleVerifier [0x01134016+615814]
Ordinal0 [0x0102707B+1994875]
Ordinal0 [0x0102B938+2013496]
Ordinal0 [0x0102BA25+2013733]
Ordinal0 [0x01034DE1+2051553]
BaseThreadInitThunk [0x7770FA29+25]
RtlGetAppContainerNamedObjectPath [0x77857A7E+286]
RtlGetAppContainerNamedObjectPath [0x77857A4E+238]

at org.openqa.selenium.remote.W3CHandshakeResponse.lambda$new$0(W3CHandshakeResponse.java:57)
at org.openqa.selenium.remote.W3CHandshakeResponse.lambda$getResponseFunction$2(W3CHandshakeResponse.java:104)
at org.openqa.selenium.remote.ProtocolHandshake.lambda$createSession$0(ProtocolHandshake.java:122)
at java.util.stream.ReferencePipeline$3$1.accept(ReferencePipeline.java:193)
at java.util.Spliterators$ArraySpliterator.tryAdvance(Spliterators.java:958)
at java.util.stream.ReferencePipeline.forEachWithCancel(ReferencePipeline.java:126)
at java.util.stream.AbstractPipeline.copyIntoWithCancel(AbstractPipeline.java:498)
at java.util.stream.AbstractPipeline.copyInto(AbstractPipeline.java:485)
at java.util.stream.AbstractPipeline.wrapAndCopyInto(AbstractPipeline.java:471)
at java.util.stream.FindOps$FindOp.evaluateSequential(FindOps.java:152)
at java.util.stream.AbstractPipeline.evaluate(AbstractPipeline.java:234)
at java.util.stream.ReferencePipeline.findFirst(ReferencePipeline.java:464)
at org.openqa.selenium.remote.ProtocolHandshake.createSession(ProtocolHandshake.java:125)
at org.openqa.selenium.remote.ProtocolHandshake.createSession(ProtocolHandshake.java:73)
at org.openqa.selenium.remote.HttpCommandExecutor.execute(HttpCommandExecutor.java:136)
at org.openqa.selenium.remote.service.DriverCommandExecutor.execute(DriverCommandExecutor.java:83)
at org.openqa.selenium.remote.RemoteWebDriver.execute(RemoteWebDriver.java:548)
at org.openqa.selenium.remote.RemoteWebDriver.startSession(RemoteWebDriver.java:212)
at org.openqa.selenium.remote.RemoteWebDriver.<init>(RemoteWebDriver.java:130)
at org.openqa.selenium.chrome.ChromeDriver.<init>(ChromeDriver.java:181)
at org.openqa.selenium.chrome.ChromeDriver.<init>(ChromeDriver.java:168)
at org.openqa.selenium.chrome.ChromeDriver.<init>(ChromeDriver.java:157)
at com.crm.qa.BaseClass.TestBase.initialization(TestBase.java:70)
at com.crm.qa.TestCases.ContactsPageTest.setUp(ContactsPageTest.java:33)
at java.util.ArrayList.forEach(ArrayList.java:1249)
... Removed 35 stack frames]]>
    </failure>
  </testcase> <!-- @BeforeMethod setUp -->
  <testcase name="@AfterMethod tearDown" time="0.0" classname="com.crm.qa.BaseClass.TestBase">
    <failure type="java.lang.NullPointerException">
      <![CDATA[java.lang.NullPointerException
at com.crm.qa.BaseClass.TestBase.tearDown(TestBase.java:110)
at java.util.ArrayList.forEach(ArrayList.java:1249)
... Removed 32 stack frames]]>
    </failure>
  </testcase> <!-- @AfterMethod tearDown -->
  <testcase name="@AfterTest endReport" time="0.0" classname="com.crm.qa.BaseClass.TestBase">
    <skipped/>
  </testcase> <!-- @AfterTest endReport -->
  <testcase name="loginPageTitleTest" time="0.0" classname="com.crm.qa.TestCases.LoginPageTest">
    <skipped/>
  </testcase> <!-- loginPageTitleTest -->
  <testcase name="crmLogoImageTest" time="0.0" classname="com.crm.qa.TestCases.LoginPageTest">
    <skipped/>
  </testcase> <!-- crmLogoImageTest -->
  <testcase name="loginTest" time="0.0" classname="com.crm.qa.TestCases.LoginPageTest">
    <skipped/>
  </testcase> <!-- loginTest -->
  <testcase name="verifyHomePageTitleTest" time="0.0" classname="com.crm.qa.TestCases.HomePageTest">
    <skipped/>
  </testcase> <!-- verifyHomePageTitleTest -->
  <testcase name="verifyUserNameTest" time="0.0" classname="com.crm.qa.TestCases.HomePageTest">
    <skipped/>
  </testcase> <!-- verifyUserNameTest -->
  <testcase name="verifyContactsLinkTest" time="0.0" classname="com.crm.qa.TestCases.HomePageTest">
    <skipped/>
  </testcase> <!-- verifyContactsLinkTest -->
  <testcase name="verifyDealsPageLinkTest" time="0.0" classname="com.crm.qa.TestCases.HomePageTest">
    <skipped/>
  </testcase> <!-- verifyDealsPageLinkTest -->
  <testcase name="verifyContactsPageLabelTest" time="0.0" classname="com.crm.qa.TestCases.ContactsPageTest">
    <skipped/>
  </testcase> <!-- verifyContactsPageLabelTest -->
  <testcase name="selectSingleContactsTest" time="0.0" classname="com.crm.qa.TestCases.ContactsPageTest">
    <skipped/>
  </testcase> <!-- selectSingleContactsTest -->
  <testcase name="selectMultipleContactsTest" time="0.0" classname="com.crm.qa.TestCases.ContactsPageTest">
    <skipped/>
  </testcase> <!-- selectMultipleContactsTest -->
  <testcase name="validateCreateNewContactTest" time="0.0" classname="com.crm.qa.TestCases.ContactsPageTest">
    <skipped/>
  </testcase> <!-- validateCreateNewContactTest -->
  <testcase name="validateCreateNewContactTest" time="0.0" classname="com.crm.qa.TestCases.ContactsPageTest">
    <skipped/>
  </testcase> <!-- validateCreateNewContactTest -->
  <testcase name="validateCreateNewContactTest" time="0.0" classname="com.crm.qa.TestCases.ContactsPageTest">
    <skipped/>
  </testcase> <!-- validateCreateNewContactTest -->
  <testcase name="@BeforeTest setLog4j" time="0.0" classname="com.crm.qa.BaseClass.TestBase">
    <ignored/>
  </testcase> <!-- @BeforeTest setLog4j -->
  <testcase name="@AfterTest endReport" time="0.0" classname="com.crm.qa.BaseClass.TestBase">
    <ignored/>
  </testcase> <!-- @AfterTest endReport -->
  <testcase name="@AfterTest endReport" time="0.0" classname="com.crm.qa.BaseClass.TestBase">
    <ignored/>
  </testcase> <!-- @AfterTest endReport -->
  <testcase name="@BeforeTest setLog4j" time="0.0" classname="com.crm.qa.BaseClass.TestBase">
    <ignored/>
  </testcase> <!-- @BeforeTest setLog4j -->
</testsuite> <!-- Free CRM Application Test Cases -->
